#
# There is insufficient memory for the Java Runtime Environment to continue.
# Native memory allocation (mmap) failed to map 3637248 bytes. Error detail: G1 virtual space
# Possible reasons:
#   The system is out of physical RAM or swap space
#   This process is running with CompressedOops enabled, and the Java Heap may be blocking the growth of the native heap
# Possible solutions:
#   Reduce memory load on the system
#   Increase physical memory or swap space
#   Check if swap backing store is full
#   Decrease Java heap size (-Xmx/-Xms)
#   Decrease number of Java threads
#   Decrease Java thread stack sizes (-Xss)
#   Set larger code cache with -XX:ReservedCodeCacheSize=
#   JVM is running with Zero Based Compressed Oops mode in which the Java heap is
#     placed in the first 32GB address space. The Java Heap base address is the
#     maximum limit for the native heap growth. Please use -XX:HeapBaseMinAddress
#     to set the Java Heap base and to place the Java Heap above 32GB virtual address.
# This output file may be truncated or incomplete.
#
#  Out of Memory Error (os_windows.cpp:3554), pid=11460, tid=24056
#
# JRE version:  (25.0.2+10) (build )
# Java VM: Java HotSpot(TM) 64-Bit Server VM (25.0.2+10-LTS-69, mixed mode, sharing, tiered, compressed oops, compressed class ptrs, g1 gc, windows-amd64)
# No core dump will be written. Minidumps are not enabled by default on client versions of Windows
#

---------------  S U M M A R Y ------------

Command Line: -Dfile.encoding=GBK D:\DevEco Studio\sdk\default\openharmony\toolchains\lib\app_packing_tool.jar --mode hap --force true --lib-path D:\HarmonyOSword2\ElderCare\entry\build\default\intermediates\stripped_native_libs\default --json-path D:\HarmonyOSword2\ElderCare\entry\build\default\intermediates\package\default\module.json --resources-path D:\HarmonyOSword2\ElderCare\entry\build\default\intermediates\res\default\resources --index-path D:\HarmonyOSword2\ElderCare\entry\build\default\intermediates\res\default\resources.index --pack-info-path D:\HarmonyOSword2\ElderCare\entry\build\default\outputs\default\pack.info --out-path D:\HarmonyOSword2\ElderCare\entry\build\default\outputs\default\entry-default-unsigned.hap --ets-path D:\HarmonyOSword2\ElderCare\entry\build\default\intermediates\loader_out\default\ets --pkg-context-path D:\HarmonyOSword2\ElderCare\entry\build\default\intermediates\loader\default\pkgContextInfo.json

Host: AMD Ryzen 7 5800H with Radeon Graphics         , 16 cores, 13G,  Windows 11 , 64 bit Build 26100 (10.0.26100.7309)
Time: Sat Jun 20 15:38:50 2026 elapsed time: 0.019000 seconds (0d 0h 0m 0s)

---------------  T H R E A D  ---------------

Current thread (0x0000023681042110):  JavaThread "Unknown thread" [_thread_in_vm, id=24056, stack(0x0000005f69d00000,0x0000005f69e00000) (1024K)]

Stack: [0x0000005f69d00000,0x0000005f69e00000]
Native frames: (J=compiled Java code, j=interpreted, Vv=VM code, C=native code)
V  [jvm.dll+0x7a70f9]  (no source info available)
V  [jvm.dll+0x772d6d]  (no source info available)
V  [jvm.dll+0x965d53]  (no source info available)
V  [jvm.dll+0x968351]  (no source info available)
V  [jvm.dll+0x968a63]  (no source info available)
V  [jvm.dll+0x2fc846]  (no source info available)
V  [jvm.dll+0x7a3325]  (no source info available)
V  [jvm.dll+0x796737]  (no source info available)
V  [jvm.dll+0x3f4988]  (no source info available)
V  [jvm.dll+0x3fc8d6]  (no source info available)
V  [jvm.dll+0x3e8f93]  (no source info available)
V  [jvm.dll+0x3e9238]  (no source info available)
V  [jvm.dll+0x3c0145]  (no source info available)
V  [jvm.dll+0x3c0dce]  (no source info available)
V  [jvm.dll+0x92cdf7]  (no source info available)
V  [jvm.dll+0x458f02]  (no source info available)
V  [jvm.dll+0x9107a2]  (no source info available)
V  [jvm.dll+0x4f9331]  (no source info available)
V  [jvm.dll+0x4fabc1]  (no source info available)
C  [jli.dll+0x543e]  (no source info available)
C  [ucrtbase.dll+0x37b0]  (no source info available)
C  [KERNEL32.DLL+0x2e8d7]  (no source info available)
C  [ntdll.dll+0x8c53c]  (no source info available)

Lock stack of current Java thread (top to bottom):


---------------  P R O C E S S  ---------------

Threads class SMR info:
_java_thread_list=0x00007ffc8abf5388, length=0, elements={
}

Java Threads: ( => current thread )
Total: 0

Other Threads:
  0x00000236816e9970 WorkerThread "GC Thread#0"                     [id=32912, stack(0x0000005f69e00000,0x0000005f69f00000) (1024K)]
  0x00000236816ff6e0 ConcurrentGCThread "G1 Main Marker"            [id=8000, stack(0x0000005f69f00000,0x0000005f6a000000) (1024K)]
  0x0000023681701170 WorkerThread "G1 Conc#0"                       [id=27064, stack(0x0000005f6a000000,0x0000005f6a100000) (1024K)]

[error occurred during error reporting (printing all threads), id 0xc0000005, EXCEPTION_ACCESS_VIOLATION (0xc0000005) at pc=0x00007ffc8a2d4f1a]
VM state: not at safepoint (not fully initialized)

VM Mutex/Monitor currently owned by a thread:  ([mutex/lock_event])
[0x00007ffc8ac79768] Heap_lock - owner thread: 0x0000023681042110

Heap address: 0x0000000722400000, size: 3548 MB, Compressed Oops mode: Zero based, Oop shift amount: 3

CDS archive(s) mapped at: [0x0000000000000000-0x0000000000000000-0x0000000000000000), size 0, SharedBaseAddress: 0x0000000800000000, ArchiveRelocationMode: 1.
UseCompressedClassPointers 1, UseCompactObjectHeaders 0
Narrow klass pointer bits 32, Max shift 3
Narrow klass base: 0xffffffffffffffff, Narrow klass shift: -1
Encoding Range: [0xffffffffffffffff - 0x000000007fffffff), (2147483648 bytes)
Klass Range:    [0x0000000000000000 - 0x0000000000000000), (0 bytes)
Klass ID Range:  [4294967295 - 0) (1)
No protection zone.

GC Precious Log:
 CardTable entry size: 512
 Card Set container configuration: InlinePtr #cards 4 size 8 Array Of Cards #cards 16 size 48 Howl #buckets 8 coarsen threshold 3686 Howl Bitmap #cards 512 size 80 coarsen threshold 460 Card regions per heap region 1 cards per card region 4096

Heap:
 garbage-first heap   total reserved 3633152K, committed 0K, used 0K [0x0000000722400000, 0x0000000800000000)
  region size 2048K, 0 young (0K), 0 survivors (0K)

Heap Regions: E=young(eden), S=young(survivor), O=old, HS=humongous(starts), HC=humongous(continues), CS=collection set, F=free, TAMS=top-at-mark-start, PB=parsable bottom

Card table byte_map: [0x000002369bfa0000,0x000002369c690000] _byte_map_base: 0x000002369868e000

Marking Bits: (CMBitMap*) 0x00000236816ea100
 Bits: [0x000002369c690000, 0x000002369fe00000)

GC Heap Usage History (0 events):
No events

Metaspace Usage History (0 events):
No events

Dll operation events (1 events):
Event: 0.013 Loaded shared library D:\A 苏苏储物柜\Su develop\JDK Java\JDK2025\JDK25\bin\java.dll

Deoptimization events (0 events):
No events

Classes loaded (0 events):
No events

Classes unloaded (0 events):
No events

Classes redefined (0 events):
No events

Internal exceptions (0 events):
No events

VM Operations (0 events):
No events

Memory protections (0 events):
No events

Nmethod flushes (0 events):
No events

Events (0 events):
No events


Dynamic libraries:
0x00007ff6d30d0000 - 0x00007ff6d30e0000 	D:\A 苏苏储物柜\Su develop\JDK Java\JDK2025\JDK25\bin\java.exe
0x00007ffd85f60000 - 0x00007ffd861c7000 	C:\WINDOWS\SYSTEM32\ntdll.dll
0x00007ffd85550000 - 0x00007ffd85619000 	C:\WINDOWS\System32\KERNEL32.DLL
0x00007ffd830b0000 - 0x00007ffd8349f000 	C:\WINDOWS\System32\KERNELBASE.dll
0x00007ffd83760000 - 0x00007ffd838ab000 	C:\WINDOWS\System32\ucrtbase.dll
0x00007ffd6deb0000 - 0x00007ffd6dece000 	D:\A 苏苏储物柜\Su develop\JDK Java\JDK2025\JDK25\bin\VCRUNTIME140.dll
0x00007ffd53f50000 - 0x00007ffd53f67000 	D:\A 苏苏储物柜\Su develop\JDK Java\JDK2025\JDK25\bin\jli.dll
0x00007ffd84b50000 - 0x00007ffd84d15000 	C:\WINDOWS\System32\USER32.dll
0x00007ffd83960000 - 0x00007ffd83987000 	C:\WINDOWS\System32\win32u.dll
0x00007ffd83f00000 - 0x00007ffd83f2b000 	C:\WINDOWS\System32\GDI32.dll
0x00007ffd83630000 - 0x00007ffd8375c000 	C:\WINDOWS\System32\gdi32full.dll
0x00007ffd6c760000 - 0x00007ffd6c9f3000 	C:\WINDOWS\WinSxS\amd64_microsoft.windows.common-controls_6595b64144ccf1df_6.0.26100.7309_none_3e05feeae336a044\COMCTL32.dll
0x00007ffd84d40000 - 0x00007ffd84de9000 	C:\WINDOWS\System32\msvcrt.dll
0x00007ffd838b0000 - 0x00007ffd83953000 	C:\WINDOWS\System32\msvcp_win.dll
0x00007ffd83d00000 - 0x00007ffd83d31000 	C:\WINDOWS\System32\IMM32.DLL
0x0000000075550000 - 0x000000007555d000 	C:\Program Files (x86)\360\360Safe\safemon\SafeWrapper.dll
0x00007ffd856b0000 - 0x00007ffd85764000 	C:\WINDOWS\System32\ADVAPI32.dll
0x00007ffd83e30000 - 0x00007ffd83ed6000 	C:\WINDOWS\System32\sechost.dll
0x00007ffd83ff0000 - 0x00007ffd84108000 	C:\WINDOWS\System32\RPCRT4.dll
0x00007ffd80ab0000 - 0x00007ffd80bb5000 	C:\Program Files (x86)\360\360Safe\safemon\libzdtp64.dll
0x00007ffd843f0000 - 0x00007ffd84b43000 	C:\WINDOWS\System32\SHELL32.dll
0x00007ffd83b90000 - 0x00007ffd83cfa000 	C:\WINDOWS\System32\wintypes.dll
0x00007ffd85a10000 - 0x00007ffd85d95000 	C:\WINDOWS\System32\combase.dll
0x00007ffd84300000 - 0x00007ffd84366000 	C:\WINDOWS\System32\SHLWAPI.dll
0x00007ffd82b40000 - 0x00007ffd82b4b000 	C:\WINDOWS\SYSTEM32\VERSION.dll
0x00007ffd72fd0000 - 0x00007ffd72fdc000 	D:\A 苏苏储物柜\Su develop\JDK Java\JDK2025\JDK25\bin\vcruntime140_1.dll
0x00007ffcd6660000 - 0x00007ffcd66ed000 	D:\A 苏苏储物柜\Su develop\JDK Java\JDK2025\JDK25\bin\msvcp140.dll
0x00007ffc89f00000 - 0x00007ffc8ad5f000 	D:\A 苏苏储物柜\Su develop\JDK Java\JDK2025\JDK25\bin\server\jvm.dll
0x00007ffd84df0000 - 0x00007ffd84e64000 	C:\WINDOWS\System32\WS2_32.dll
0x00007ffd82f10000 - 0x00007ffd82f6e000 	C:\WINDOWS\SYSTEM32\POWRPROF.dll
0x00007ffd7c460000 - 0x00007ffd7c495000 	C:\WINDOWS\SYSTEM32\WINMM.dll
0x00007ffd82ef0000 - 0x00007ffd82f04000 	C:\WINDOWS\SYSTEM32\UMPDC.dll
0x00007ffd81da0000 - 0x00007ffd81dbb000 	C:\WINDOWS\SYSTEM32\kernel.appcore.dll
0x00007ffd6de40000 - 0x00007ffd6de4a000 	D:\A 苏苏储物柜\Su develop\JDK Java\JDK2025\JDK25\bin\jimage.dll
0x00007ffd801e0000 - 0x00007ffd80422000 	C:\WINDOWS\SYSTEM32\DBGHELP.DLL
0x00007ffd84e70000 - 0x00007ffd84f46000 	C:\WINDOWS\System32\OLEAUT32.dll
0x00007ffd6acc0000 - 0x00007ffd6acfc000 	C:\WINDOWS\SYSTEM32\dbgcore.DLL
0x00007ffd83ae0000 - 0x00007ffd83b85000 	C:\WINDOWS\System32\bcryptPrimitives.dll
0x00007ffd474f0000 - 0x00007ffd4750f000 	D:\A 苏苏储物柜\Su develop\JDK Java\JDK2025\JDK25\bin\java.dll
0x00007ffd85870000 - 0x00007ffd85a07000 	C:\WINDOWS\System32\ole32.dll

JVMTI agents: none

dbghelp: loaded successfully - version: 4.0.5 - missing functions: none
symbol engine: initialized successfully - sym options: 0x614 - pdb path: .;D:\A 苏苏储物柜\Su develop\JDK Java\JDK2025\JDK25\bin;C:\WINDOWS\SYSTEM32;C:\WINDOWS\WinSxS\amd64_microsoft.windows.common-controls_6595b64144ccf1df_6.0.26100.7309_none_3e05feeae336a044;C:\Program Files (x86)\360\360Safe\safemon;D:\A 苏苏储物柜\Su develop\JDK Java\JDK2025\JDK25\;D:\A 苏苏储物柜\Su develop\JDK Java\JDK2025\J

VM Arguments:
jvm_args: -Dfile.encoding=GBK 
java_command: D:\DevEco Studio\sdk\default\openharmony\toolchains\lib\app_packing_tool.jar --mode hap --force true --lib-path D:\HarmonyOSword2\ElderCare\entry\build\default\intermediates\stripped_native_libs\default --json-path D:\HarmonyOSword2\ElderCare\entry\build\default\intermediates\package\default\module.json --resources-path D:\HarmonyOSword2\ElderCare\entry\build\default\intermediates\res\default\resources --index-path D:\HarmonyOSword2\ElderCare\entry\build\default\intermediates\res\default\resources.index --pack-info-path D:\HarmonyOSword2\ElderCare\entry\build\default\outputs\default\pack.info --out-path D:\HarmonyOSword2\ElderCare\entry\build\default\outputs\default\entry-default-unsigned.hap --ets-path D:\HarmonyOSword2\ElderCare\entry\build\default\intermediates\loader_out\default\ets --pkg-context-path D:\HarmonyOSword2\ElderCare\entry\build\default\intermediates\loader\default\pkgContextInfo.json
java_class_path (initial): D:\DevEco Studio\sdk\default\openharmony\toolchains\lib\app_packing_tool.jar
Launcher Type: SUN_STANDARD

[Global flags]
     intx CICompilerCount                          = 12                                        {product} {ergonomic}
     uint ConcGCThreads                            = 3                                         {product} {ergonomic}
     uint G1ConcRefinementThreads                  = 13                                        {product} {ergonomic}
   size_t G1HeapRegionSize                         = 2097152                                   {product} {ergonomic}
   size_t InitialHeapSize                          = 232783872                                 {product} {ergonomic}
   size_t MarkStackSize                            = 4194304                                   {product} {ergonomic}
   size_t MarkStackSizeMax                         = 536870912                                 {product} {ergonomic}
   size_t MaxHeapSize                              = 3720347648                                {product} {ergonomic}
   size_t MinHeapDeltaBytes                        = 2097152                                   {product} {ergonomic}
   size_t MinHeapSize                              = 8388608                                   {product} {ergonomic}
    uintx NonNMethodCodeHeapSize                   = 7602176                                {pd product} {ergonomic}
    uintx NonProfiledCodeHeapSize                  = 122093568                              {pd product} {ergonomic}
    uintx ProfiledCodeHeapSize                     = 121962496                              {pd product} {ergonomic}
    uintx ReservedCodeCacheSize                    = 251658240                              {pd product} {ergonomic}
     bool SegmentedCodeCache                       = true                                      {product} {ergonomic}
   size_t SoftMaxHeapSize                          = 3720347648                             {manageable} {ergonomic}
     bool UseCompressedOops                        = true                           {product lp64_product} {ergonomic}
     bool UseG1GC                                  = true                                      {product} {ergonomic}
     bool UseLargePagesIndividualAllocation        = false                                  {pd product} {ergonomic}

Logging:
Log output configuration:
 #0: stdout all=warning uptime,level,tags foldmultilines=false
 #1: stderr all=off uptime,level,tags foldmultilines=false

Release file:
<release file has not been read>
Environment Variables:
JAVA_HOME=D:\A 苏苏储物柜\Su develop\JDK Java\JDK2025\JDK25
PATH=D:\A 苏苏储物柜\Su develop\JDK Java\JDK2025\JDK25\bin;C:\Program Files\Common Files\Oracle\Java\javapath;D:\A 苏苏储物柜\Su develop\JDK Java\JDK2025\JDK25\bin;C:\Windows\system32;C:\Windows;C:\Windows\System32\Wbem;C:\Windows\System32\WindowsPowerShell\v1.0\;C:\Windows\System32\OpenSSH\;C:\Program Files (x86)\NVIDIA Corporation\PhysX\Common;C:\Program Files\NVIDIA Corporation\NVIDIA NvDLISR;C:\Program Files (x86)\Windows Kits\10\Windows Performance Toolkit\;C:\WINDOWS\system32;C:\WINDOWS;C:\WINDOWS\System32\Wbem;C:\WINDOWS\System32\WindowsPowerShell\v1.0\;C:\WINDOWS\System32\OpenSSH\;D:\A 苏苏储物柜\Su develop\微信开发工具\微信web开发者工具\dll;D:\node\;C:\Program Files\Git\cmd;C:\Program Files\dotnet\;C:\Users\15053\AppData\Roaming\npm\;C:\Program Files\MySQL\MySQL Server 9.7\bin;D:\A 苏苏储物柜\Su develop\JDK Java\JDK2025\JDK25\bin;C:\Program Files\Common Files\Oracle\Java\javapath;C:\Windows\system32;C:\Windows;C:\Windows\System32\Wbem;C:\Windows\System32\WindowsPowerShell\v1.0\;C:\Windows\System32\OpenSSH\;C:\Program Files (x86)\NVIDIA Corporation\PhysX\Common;C:\Program Files\NVIDIA Corporation\NVIDIA NvDLISR;C:\Program Files (x86)\Windows Kits\10\Windows Performance Toolkit\;C:\WINDOWS\system32;C:\WINDOWS;C:\WINDOWS\System32\Wbem;C:\WINDOWS\System32\WindowsPowerShell\v1.0\;C:\WINDOWS\System32\OpenSSH\;D:\A 苏苏储物柜\Su develop\微信开发工具\微信web开发者工具\dll;D:\node\;C:\Program Files\Git\cmd;C:\Program Files\dotnet\;D:\A 苏苏储物柜\Su develop\Python\Scripts\;D:\A 苏苏储物柜\Su develop\Python\;C:\Users\15053\AppData\Local\Programs\Python\Launcher\;C:\Users\15053\AppData\Local\Microsoft\WindowsApps;D:\Microsoft VS Code\bin;D:\IntelliJ IDEA 2025.2.4\bin;D:\A 苏苏储物柜\Su develop\intell IDEA\IntelliJ IDEA Community Edition 2024.3.4.1\bin;;D:\A 苏苏储物柜\Su develop\新建文件夹\PhpSto
USERNAME=15053
OS=Windows_NT
PROCESSOR_IDENTIFIER=AMD64 Family 25 Model 80 Stepping 0, AuthenticAMD
TMP=C:\Users\15053\AppData\Local\Temp
TEMP=C:\Users\15053\AppData\Local\Temp




Compilation memory statistics disabled.

Periodic native trim disabled

---------------  S Y S T E M  ---------------

OS:
 Windows 11 , 64 bit Build 26100 (10.0.26100.7309)
OS uptime: 0 days 22:41 hours
Hyper-V role detected

CPU: total 16 (initial active 16) (16 cores per cpu, 2 threads per core) family 25 model 80 stepping 0 microcode 0xa50000c, cx8, cmov, fxsr, ht, mmx, 3dnowpref, sse, sse2, sse3, ssse3, sse4a, sse4.1, sse4.2, popcnt, lzcnt, tsc, tscinvbit, avx, avx2, aes, erms, clmul, bmi1, bmi2, adx, sha, fma, vzeroupper, clflush, clflushopt, clwb, hv, rdtscp, rdpid, fsrm, f16c, cet_ss
Processor Information for the first 16 processors :
  Max Mhz: 3201, Current Mhz: 3201, Mhz Limit: 3201

Memory: 4k page, system-wide physical 14188M (1673M free)
TotalPageFile size 32038M (AvailPageFile size 6M)
current process WorkingSet (physical memory assigned to process): 15M, peak: 15M
current process commit charge ("private bytes"): 294M, peak: 297M

vm_info: Java HotSpot(TM) 64-Bit Server VM (25.0.2+10-LTS-69) for windows-amd64 JRE (25.0.2+10-LTS-69), built on 2025-12-18T11:36:35Z with MS VC++ 17.13 (VS2022)

END.
